<?xml version="1.0" encoding="UTF-8"?>
<testng-results ignored="0" total="2" passed="2" failed="0" skipped="0">
  <reporter-output>
  </reporter-output>
  <suite started-at="2023-02-17T18:47:44 PST" name="Default suite" finished-at="2023-02-17T18:47:50 PST" duration-ms="5640">
    <groups>
    </groups>
    <test started-at="2023-02-17T18:47:44 PST" name="Default test" finished-at="2023-02-17T18:47:50 PST" duration-ms="5640">
      <class name="e2eTestingPWC_AID.e2eCodePWCAddtl">
        <test-method signature="newTestAllValue()[pri:0, instance:e2eTestingPWC_AID.e2eCodePWCAddtl@76505305]" started-at="2023-02-17T18:47:44 PST" name="newTestAllValue" finished-at="2023-02-17T18:47:44 PST" duration-ms="9" status="PASS">
          <reporter-output>
          </reporter-output>
        </test-method> <!-- newTestAllValue -->
        <test-method signature="runLoadRunnerEnhanced()[pri:0, instance:e2eTestingPWC_AID.e2eCodePWCAddtl@76505305]" started-at="2023-02-17T18:47:44 PST" name="runLoadRunnerEnhanced" finished-at="2023-02-17T18:47:50 PST" duration-ms="5589" status="PASS">
          <reporter-output>
          </reporter-output>
        </test-method> <!-- runLoadRunnerEnhanced -->
      </class> <!-- e2eTestingPWC_AID.e2eCodePWCAddtl -->
    </test> <!-- Default test -->
  </suite> <!-- Default suite -->
</testng-results>
